<?xml version="1.0" encoding="UTF-8"?>
<!-- Generated by org.testng.reporters.JUnitReportReporter -->
<testsuite hostname="JapneetS-LAP" failures="0" tests="2" name="pageTests.E2ETest" time="191.944" errors="0" timestamp="11 Nov 2022 15:21:20 GMT" skipped="0">
  <testcase classname="pageTests.E2ETest" name="testTotalPriceOfItemsInCart" time="107.427"/>
  <testcase classname="pageTests.E2ETest" name="testTotalPriceOfItemsInCart" time="84.517"/>
</testsuite> <!-- pageTests.E2ETest -->
