<?xml version="1.0" encoding="UTF-8"?>
<!-- Generated by org.testng.reporters.JUnitReportReporter -->
<testsuite hostname="JapneetS-LAP" failures="0" tests="1" name="pageTests.ProductListPageTests" time="21.738" errors="0" timestamp="11 Nov 2022 15:09:24 GMT" skipped="0">
  <testcase classname="pageTests.ProductListPageTests" name="testEmptyCartToastMessage" time="21.738"/>
</testsuite> <!-- pageTests.ProductListPageTests -->
