<?xml version="1.0" encoding="UTF-8"?>
<!-- Generated by org.testng.reporters.JUnitReportReporter -->
<testsuite hostname="JapneetS-LAP" failures="0" tests="2" name="pageTests.LoginPageTests" time="79.311" errors="0" timestamp="11 Nov 2022 15:09:24 GMT" skipped="0">
  <testcase classname="pageTests.LoginPageTests" name="loginPositiveTest" time="17.732"/>
  <testcase classname="pageTests.LoginPageTests" name="loginNegativeTest" time="61.579"/>
</testsuite> <!-- pageTests.LoginPageTests -->
